<?xml version="1.0" encoding="UTF-8" ?>
<testsuite errors="0" failures="0" hostname="ion" name="com.g5.services.CustomerServiceTest" skipped="0" tests="4" time="42.879" timestamp="2014-01-04T04:11:47">
  <properties>
[...]
</properties>
  <testcase classname="com.g5.services.CustomerServiceTest" name="testChangePassword" time="6.028" />
  <testcase classname="com.g5.services.CustomerServiceTest" name="testCreate" time="5.124" />
  <testcase classname="com.g5.services.CustomerServiceTest" name="testFindById" time="6.09" />
  <testcase classname="com.g5.services.CustomerServiceTest" name="testDisableAndEnable" time="6.628" />
  <system-out><![CDATA[Found populator: org.glassfish.kernel.embedded.EmbeddedDomainXml
JdbcRuntimeExtension,  getAllSystemRAResourcesAndPools = [GlassFishConfigBean.org.glassfish.jdbc.config.JdbcResource, GlassFishConfigBean.org.glassfish.jdbc.config.JdbcResource, GlassFishConfigBean.org.glassfish.jdbc.config.JdbcResource, GlassFishConfigBean.org.glassfish.jdbc.config.JdbcConnectionPool, GlassFishConfigBean.org.glassfish.jdbc.config.JdbcConnectionPool, GlassFishConfigBean.org.glassfish.jdbc.config.JdbcConnectionPool, GlassFishConfigBean.org.glassfish.jdbc.config.JdbcConnectionPool, GlassFishConfigBean.org.glassfish.jdbc.config.JdbcResource]
[EL Info]: 2014-01-03 23:12:06.22--ServerSession(806673071)--EclipseLink, version: Eclipse Persistence Services - 2.5.1.v20130918-f2b9fc5
[EL Info]: connection: 2014-01-03 23:12:06.24--ServerSession(806673071)--file:/home/healarconr/netbeans-projects/g5/core/build/classes/_g5-non-jta login successful
changePassword
AbstractBaseDao.find()
[EL Info]: connection: 2014-01-03 23:12:12.218--ServerSession(806673071)--file:/home/healarconr/netbeans-projects/g5/core/build/classes/_g5-non-jta logout successful
[EL Info]: 2014-01-03 23:12:12.238--ServerSession(1668988858)--EclipseLink, version: Eclipse Persistence Services - 2.5.1.v20130918-f2b9fc5
[EL Info]: connection: 2014-01-03 23:12:12.247--ServerSession(1668988858)--file:/home/healarconr/netbeans-projects/g5/core/build/classes/_g5-non-jta login successful
create
[EL Info]: connection: 2014-01-03 23:12:17.342--ServerSession(1668988858)--file:/home/healarconr/netbeans-projects/g5/core/build/classes/_g5-non-jta logout successful
[EL Info]: 2014-01-03 23:12:17.361--ServerSession(1047491872)--EclipseLink, version: Eclipse Persistence Services - 2.5.1.v20130918-f2b9fc5
[EL Info]: connection: 2014-01-03 23:12:17.371--ServerSession(1047491872)--file:/home/healarconr/netbeans-projects/g5/core/build/classes/_g5-non-jta login successful
findById
AbstractBaseDao.find()
[EL Info]: connection: 2014-01-03 23:12:23.433--ServerSession(1047491872)--file:/home/healarconr/netbeans-projects/g5/core/build/classes/_g5-non-jta logout successful
[EL Info]: 2014-01-03 23:12:23.454--ServerSession(1238657114)--EclipseLink, version: Eclipse Persistence Services - 2.5.1.v20130918-f2b9fc5
[EL Info]: connection: 2014-01-03 23:12:23.463--ServerSession(1238657114)--file:/home/healarconr/netbeans-projects/g5/core/build/classes/_g5-non-jta login successful
disableAndEnable
[EL Info]: connection: 2014-01-03 23:12:30.061--ServerSession(1238657114)--file:/home/healarconr/netbeans-projects/g5/core/build/classes/_g5-non-jta logout successful
PlainTextActionReporterSUCCESSNo monitoring data to report.
JdbcRuntimeExtension,  getAllSystemRAResourcesAndPools = [GlassFishConfigBean.org.glassfish.jdbc.config.JdbcResource, GlassFishConfigBean.org.glassfish.jdbc.config.JdbcResource, GlassFishConfigBean.org.glassfish.jdbc.config.JdbcResource, GlassFishConfigBean.org.glassfish.jdbc.config.JdbcConnectionPool, GlassFishConfigBean.org.glassfish.jdbc.config.JdbcConnectionPool, GlassFishConfigBean.org.glassfish.jdbc.config.JdbcConnectionPool, GlassFishConfigBean.org.glassfish.jdbc.config.JdbcConnectionPool, GlassFishConfigBean.org.glassfish.jdbc.config.JdbcResource]
JdbcRuntimeExtension,  getAllSystemRAResourcesAndPools = [GlassFishConfigBean.org.glassfish.jdbc.config.JdbcResource, GlassFishConfigBean.org.glassfish.jdbc.config.JdbcResource, GlassFishConfigBean.org.glassfish.jdbc.config.JdbcResource, GlassFishConfigBean.org.glassfish.jdbc.config.JdbcConnectionPool, GlassFishConfigBean.org.glassfish.jdbc.config.JdbcConnectionPool, GlassFishConfigBean.org.glassfish.jdbc.config.JdbcConnectionPool, GlassFishConfigBean.org.glassfish.jdbc.config.JdbcConnectionPool, GlassFishConfigBean.org.glassfish.jdbc.config.JdbcResource]
]]></system-out>
  <system-err><![CDATA[ene 03, 2014 11:11:47 PM org.glassfish.ejb.embedded.EJBContainerProviderImpl createContainer
Información: [EJBContainerProviderImpl] Using installation location /home/healarconr/glassfish4/glassfish
ene 03, 2014 11:11:47 PM org.glassfish.ejb.embedded.EJBContainerProviderImpl createContainer
Información: [EJBContainerProviderImpl] Using config file location: file:/tmp/domain5138239063728335780xml
ene 03, 2014 11:11:47 PM org.glassfish.ejb.embedded.EJBContainerProviderImpl createContainer
Información: [EJBContainerProviderImpl] Using runtime class: class com.sun.enterprise.glassfish.bootstrap.StaticGlassFishRuntime
ene 03, 2014 11:11:49 PM org.hibernate.validator.internal.util.Version <clinit>
INFO: HV000001: Hibernate Validator 5.0.0.Final
ene 03, 2014 11:11:49 PM com.sun.enterprise.security.auth.realm.Realm doInstantiate
Información: realm.loaded.successfully
ene 03, 2014 11:11:49 PM com.sun.enterprise.security.auth.realm.Realm doInstantiate
Información: realm.loaded.successfully
ene 03, 2014 11:11:49 PM com.sun.enterprise.security.auth.realm.Realm doInstantiate
Información: realm.loaded.successfully
ene 03, 2014 11:11:49 PM org.glassfish.ha.store.spi.BackingStoreFactoryRegistry register
Información: Registered org.glassfish.ha.store.adapter.cache.ShoalBackingStoreProxy for persistence-type = replicated in BackingStoreFactoryRegistry
ene 03, 2014 11:11:49 PM com.sun.enterprise.v3.server.AppServerStartup postStartupJob
Información: GlassFish Server Open Source Edition  4.0  (89) startup time : Embedded (985ms), startup services(927ms), total(1.912ms)
ene 03, 2014 11:11:49 PM org.glassfish.security.services.impl.authorization.AuthorizationServiceImpl initialize
Información: Authorization Service has successfully initialized.
ene 03, 2014 11:11:49 PM org.glassfish.jersey.server.ApplicationHandler initialize
Información: Initiating Jersey application, version Jersey: 2.0 2013-05-03 14:50:15...
ene 03, 2014 11:11:49 PM org.glassfish.admin.mbeanserver.JMXStartupService$JMXConnectorsStarterThread run
Información: JMXStartupService has disabled JMXConnector system
ene 03, 2014 11:11:51 PM org.glassfish.admin.mbeanserver.JMXStartupService shutdown
Información: JMXStartupService and JMXConnectors have been shut down.
ene 03, 2014 11:11:51 PM com.sun.enterprise.v3.server.AppServerStartup stop
Información: Shutdown procedure finished
ene 03, 2014 11:11:51 PM org.glassfish.ha.store.spi.BackingStoreFactoryRegistry register
Información: Registered org.glassfish.ha.store.adapter.cache.ShoalBackingStoreProxy for persistence-type = replicated in BackingStoreFactoryRegistry
ene 03, 2014 11:11:51 PM com.sun.enterprise.v3.server.AppServerStartup postStartupJob
Información: GlassFish Server Open Source Edition  4.0  (89) startup time : Embedded (3.635ms), startup services(20ms), total(3.655ms)
ene 03, 2014 11:11:51 PM org.glassfish.admin.mbeanserver.JMXStartupService$JMXConnectorsStarterThread run
Información: JMXStartupService has disabled JMXConnector system
ene 03, 2014 11:11:51 PM org.glassfish.jersey.server.ApplicationHandler initialize
Información: Initiating Jersey application, version Jersey: 2.0 2013-05-03 14:50:15...
ene 03, 2014 11:11:51 PM org.glassfish.ejb.embedded.EJBContainerProviderImpl skipJar
Información: ... skipping entry with a Manifest file with a special attribute: org.eclipse.persistence.jpa.jpql_2.5.1.v20130918-f2b9fc5.jar
ene 03, 2014 11:11:52 PM org.glassfish.ejb.embedded.EJBContainerProviderImpl skipJar
Información: ... skipping entry with a Manifest file with a special attribute: webservices-api-osgi.jar
ene 03, 2014 11:11:52 PM org.glassfish.ejb.embedded.EJBContainerProviderImpl skipJar
Información: ... skipping module: javax.management.j2ee-api.jar
ene 03, 2014 11:11:52 PM org.glassfish.ejb.embedded.EJBContainerProviderImpl skipJar
Información: ... skipping module: javax.websocket-api.jar
ene 03, 2014 11:11:52 PM org.glassfish.ejb.embedded.EJBContainerProviderImpl skipJar
Información: ... skipping module: javax.persistence.jar
ene 03, 2014 11:11:52 PM org.glassfish.ejb.embedded.EJBContainerProviderImpl skipJar
Información: ... skipping module: javax.jms-api.jar
ene 03, 2014 11:11:52 PM org.glassfish.ejb.embedded.EJBContainerProviderImpl skipJar
Información: ... skipping module: javax.servlet.jsp.jar
ene 03, 2014 11:11:52 PM org.glassfish.ejb.embedded.EJBContainerProviderImpl skipJar
Información: ... skipping module: javax.enterprise.concurrent-api.jar
ene 03, 2014 11:11:52 PM org.glassfish.ejb.embedded.EJBContainerProviderImpl skipJar
Información: ... skipping module: webservices-osgi.jar
ene 03, 2014 11:11:52 PM org.glassfish.ejb.embedded.EJBContainerProviderImpl skipJar
Información: ... skipping module: javax.el.jar
ene 03, 2014 11:11:52 PM org.glassfish.ejb.embedded.EJBContainerProviderImpl skipJar
Información: ... skipping module: javax.security.jacc-api.jar
ene 03, 2014 11:11:52 PM org.glassfish.ejb.embedded.EJBContainerProviderImpl skipJar
Información: ... skipping module: javax.xml.registry-api.jar
ene 03, 2014 11:11:52 PM org.glassfish.ejb.embedded.EJBContainerProviderImpl skipJar
Información: ... skipping module: javax.interceptor-api.jar
ene 03, 2014 11:11:52 PM org.glassfish.ejb.embedded.EJBContainerProviderImpl skipJar
Información: ... skipping module: javax.json.jar
ene 03, 2014 11:11:52 PM org.glassfish.ejb.embedded.EJBContainerProviderImpl skipJar
Información: ... skipping module: javax.mail.jar
ene 03, 2014 11:11:52 PM org.glassfish.ejb.embedded.EJBContainerProviderImpl skipJar
Información: ... skipping module: javax.servlet-api.jar
ene 03, 2014 11:11:52 PM org.glassfish.ejb.embedded.EJBContainerProviderImpl skipJar
Información: ... skipping module: javax.enterprise.deploy-api.jar
ene 03, 2014 11:11:52 PM org.glassfish.ejb.embedded.EJBContainerProviderImpl skipJar
Información: ... skipping module: javax.ws.rs-api.jar
ene 03, 2014 11:11:52 PM org.glassfish.ejb.embedded.EJBContainerProviderImpl skipJar
Información: ... skipping module: javax.xml.rpc-api.jar
ene 03, 2014 11:11:52 PM org.glassfish.ejb.embedded.EJBContainerProviderImpl skipJar
Información: ... skipping module: javax.enterprise.concurrent.jar
ene 03, 2014 11:11:52 PM org.glassfish.ejb.embedded.EJBContainerProviderImpl skipJar
Información: ... skipping module: jaxb-osgi.jar
ene 03, 2014 11:11:52 PM org.glassfish.ejb.embedded.EJBContainerProviderImpl skipJar
Información: ... skipping module: javax.faces.jar
ene 03, 2014 11:11:52 PM org.glassfish.ejb.embedded.EJBContainerProviderImpl skipJar
Información: ... skipping module: javax.batch-api.jar
ene 03, 2014 11:11:52 PM org.glassfish.ejb.embedded.EJBContainerProviderImpl skipJar
Información: ... skipping module: javax.resource-api.jar
ene 03, 2014 11:11:52 PM org.glassfish.ejb.embedded.EJBContainerProviderImpl skipJar
Información: ... skipping module: weld-osgi-bundle.jar
ene 03, 2014 11:11:52 PM org.glassfish.ejb.embedded.EJBContainerProviderImpl skipJar
Información: ... skipping module: javax.security.auth.message-api.jar
ene 03, 2014 11:11:52 PM org.glassfish.ejb.embedded.EJBContainerProviderImpl skipJar
Información: ... skipping module: javax.servlet.jsp.jstl-api.jar
ene 03, 2014 11:11:52 PM org.glassfish.ejb.embedded.EJBContainerProviderImpl skipJar
Información: ... skipping module: javax.inject.jar
ene 03, 2014 11:11:52 PM org.glassfish.ejb.embedded.EJBContainerProviderImpl skipJar
Información: ... skipping module: javax.transaction-api.jar
ene 03, 2014 11:11:52 PM org.glassfish.ejb.embedded.EJBContainerProviderImpl skipJar
Información: ... skipping module: javax.servlet.jsp.jstl.jar
ene 03, 2014 11:11:52 PM org.glassfish.ejb.embedded.EJBContainerProviderImpl skipJar
Información: ... skipping module: javax.ejb-api.jar
ene 03, 2014 11:11:52 PM org.glassfish.ejb.embedded.EJBContainerProviderImpl skipJar
Información: ... skipping module: bean-validator.jar
ene 03, 2014 11:11:52 PM org.glassfish.ejb.embedded.EJBContainerProviderImpl skipJar
Información: ... skipping module: javax.servlet.jsp-api.jar
ene 03, 2014 11:11:52 PM org.glassfish.ejb.embedded.EJBContainerProviderImpl skipJar
Información: ... skipping entry with a Manifest file with a special attribute: glassfish-embedded-static-shell.jar
ene 03, 2014 11:11:52 PM org.glassfish.ejb.embedded.DeploymentElement getOrCreateApplication
Información: [DeploymentElement] adding EJB module to ScatteredArchive classes
ene 03, 2014 11:11:52 PM org.glassfish.ejb.embedded.DeploymentElement getOrCreateApplication
Información: [DeploymentElement] adding library to ScatteredArchive ant-junit4.jar
ene 03, 2014 11:11:52 PM org.glassfish.ejb.embedded.DeploymentElement getOrCreateApplication
Información: [DeploymentElement] adding library to ScatteredArchive core-remote.jar
ene 03, 2014 11:11:52 PM org.glassfish.ejb.embedded.DeploymentElement getOrCreateApplication
Información: [DeploymentElement] adding library to ScatteredArchive eclipselink.jar
ene 03, 2014 11:11:52 PM org.glassfish.ejb.embedded.DeploymentElement getOrCreateApplication
Información: [DeploymentElement] adding library to ScatteredArchive ant-junit.jar
ene 03, 2014 11:11:52 PM org.glassfish.ejb.embedded.DeploymentElement getOrCreateApplication
Información: [DeploymentElement] adding library to ScatteredArchive javax.annotation-api.jar
ene 03, 2014 11:11:52 PM org.glassfish.ejb.embedded.DeploymentElement getOrCreateApplication
Información: [DeploymentElement] adding library to ScatteredArchive mysql-connector-java-5.1.23-bin.jar
ene 03, 2014 11:11:52 PM org.glassfish.ejb.embedded.DeploymentElement getOrCreateApplication
Información: [DeploymentElement] adding library to ScatteredArchive junit-4.10.jar
ene 03, 2014 11:11:52 PM org.glassfish.ejb.embedded.DeploymentElement getOrCreateApplication
Información: [DeploymentElement] adding library to ScatteredArchive jaxm-api.jar
ene 03, 2014 11:11:52 PM org.glassfish.ejb.embedded.DeploymentElement getOrCreateApplication
Información: [DeploymentElement] adding library to ScatteredArchive ant.jar
ene 03, 2014 11:11:52 PM org.glassfish.ejb.embedded.DeploymentElement getOrCreateApplication
Información: [DeploymentElement] adding library to ScatteredArchive jaxb-api-osgi.jar
ene 03, 2014 11:11:52 PM org.glassfish.ejb.embedded.DeploymentElement getOrCreateApplication
Información: [DeploymentElement] adding library to ScatteredArchive common.jar
ene 03, 2014 11:11:52 PM org.glassfish.ejb.embedded.DeploymentElement getOrCreateApplication
Información: [DeploymentElement] adding library to ScatteredArchive classes
ene 03, 2014 11:11:52 PM org.glassfish.ejb.embedded.DeploymentElement getOrCreateApplication
Información: [DeploymentElement] adding library to ScatteredArchive ant-launcher.jar
ene 03, 2014 11:11:52 PM org.glassfish.ejb.embedded.DeploymentElement getOrCreateApplication
Información: [DeploymentElement] adding library to ScatteredArchive javax.persistence_2.1.0.v201304241213.jar
ene 03, 2014 11:11:52 PM org.glassfish.ejb.embedded.EJBContainerImpl deploy
Información: [EJBContainerImpl] Deploying app: org.glassfish.embeddable.archive.ScatteredArchive@1a9cb019
ene 03, 2014 11:11:52 PM org.glassfish.ejb.embedded.EJBContainerImpl deploy
Información: [EJBContainerImpl] GlassFish status: STARTED
ene 03, 2014 11:11:52 PM org.glassfish.ejb.embedded.EJBContainerImpl deploy
Información: [EJBContainerImpl] Deploying as a ScatteredArchive
ene 03, 2014 11:11:57 PM com.sun.enterprise.security.ssl.impl.SecuritySupportImpl checkCertificateDates
Grave: SEC5054: Certificate has expired: [
[
  Version: V3
  Subject: CN=GTE CyberTrust Root 5, OU="GTE CyberTrust Solutions, Inc.", O=GTE Corporation, C=US
  Signature Algorithm: SHA1withRSA, OID = 1.2.840.113549.1.1.5

  Key:  Sun RSA public key, 2048 bits
  modulus: 23741889829347261660812437366387754385443431973861114865490414153884050331745811968523116847625570146592736935209718565296053386842135985534863157983128812774162998053673746470782252407673402238146869994438729551246768368782318393878374421033907597162218758024581735139682087126982809511479059100617027892880227587855877479432885604404402435662802390484099065871430585284534529627347717530352189612077130606642676951640071336717026459037542552927905851171460589361570392199748753414855675665635003335769915908187224347232807336022456537328962095005323382940080676931822787496212635993279098588863972868266229522169377
  public exponent: 65537
  Validity: [From: Fri Aug 14 09:50:00 COT 1998,
               To: Wed Aug 14 18:59:00 COT 2013]
  Issuer: CN=GTE CyberTrust Root 5, OU="GTE CyberTrust Solutions, Inc.", O=GTE Corporation, C=US
  SerialNumber: [    01b6]

Certificate Extensions: 4
[1]: ObjectId: 2.5.29.19 Criticality=true
BasicConstraints:[
  CA:true
  PathLen:5
]

[2]: ObjectId: 2.5.29.32 Criticality=false
CertificatePolicies [
  [CertificatePolicyId: [1.2.840.113763.1.2.1.3]
[]  ]
]

[3]: ObjectId: 2.5.29.15 Criticality=true
KeyUsage [
  Key_CertSign
  Crl_Sign
]

[4]: ObjectId: 2.5.29.14 Criticality=false
SubjectKeyIdentifier [
KeyIdentifier [
0000: 76 0A 49 21 38 4C 9F DE   F8 C4 49 C7 71 71 91 9D  v.I!8L....I.qq..
]
]

]
  Algorithm: [SHA1withRSA]
  Signature:
0000: 41 3A D4 18 5B DA B8 DE   21 1C E1 8E 09 E5 F1 68  A:..[...!......h
0010: 34 FF DE 96 F4 07 F5 A7   3C F3 AC 4A B1 9B FA 92  4.......<..J....
0020: FA 9B ED E6 32 21 AA 4A   76 C5 DC 4F 38 E5 DF D5  ....2!.Jv..O8...
0030: 86 E4 D5 C8 76 7D 98 D7   B1 CD 8F 4D B5 91 23 6C  ....v......M..#l
0040: 8B 8A EB EA 7C EF 14 94   C4 C6 F0 1F 4A 2D 32 71  ............J-2q
0050: 63 2B 63 91 26 02 09 B6   80 1D ED E2 CC B8 7F DB  c+c.&...........
0060: 87 63 C8 E1 D0 6C 26 B1   35 1D 40 66 10 1B CD 95  .c...l&.5.@f....
0070: 54 18 33 61 EC 13 4F DA   13 F7 99 AF 3E D0 CF 8E  T.3a..O.....>...
0080: A6 72 A2 B3 C3 05 9A C9   27 7D 92 CC 7E 52 8D B3  .r......'....R..
0090: AB 70 6D 9E 89 9F 4D EB   1A 75 C2 98 AA D5 02 16  .pm...M..u......
00A0: D7 0C 8A BF 25 E4 EB 2D   BC 98 E9 58 38 19 7C B9  ....%..-...X8...
00B0: 37 FE DB E2 99 08 73 06   C7 97 83 6A 7D 10 01 2F  7.....s....j.../
00C0: 32 B9 17 05 4A 65 E6 2F   CE BE 5E 53 A6 82 E9 9A  2...Je./..^S....
00D0: 53 0A 84 74 2D 83 CA C8   94 16 76 5F 94 61 28 F0  S..t-.....v_.a(.
00E0: 85 A7 39 BB D7 8B D9 A8   B2 13 1D 54 09 34 24 7D  ..9........T.4$.
00F0: 20 81 7D 66 7E A2 90 74   5C 10 C6 BD EC AB 1B C2   ..f...t\.......

]
ene 03, 2014 11:11:57 PM com.sun.enterprise.security.SecurityLifecycle <init>
Información: security.secmgroff
ene 03, 2014 11:11:57 PM com.sun.enterprise.security.SecurityLifecycle onInitialization
Información: sec.service.startup.enter
ene 03, 2014 11:11:57 PM com.sun.enterprise.security.PolicyLoader loadPolicy
Información: policy.loading
ene 03, 2014 11:11:57 PM com.sun.enterprise.security.SecurityLifecycle onInitialization
Información: sec.service.startup.exit
ene 03, 2014 11:12:00 PM org.eclipse.persistence.session.file:/tmp/gfembed7527526360927459301tmp/applications/classes/_g5-jta
Información: EclipseLink, version: Eclipse Persistence Services - 2.5.1.v20130918-f2b9fc5
ene 03, 2014 11:12:00 PM org.eclipse.persistence.session.file:/tmp/gfembed7527526360927459301tmp/applications/classes/_g5-jta.connection
Información: file:/tmp/gfembed7527526360927459301tmp/applications/classes/_g5-jta login successful
ene 03, 2014 11:12:00 PM org.eclipse.persistence.session.file:/tmp/gfembed7527526360927459301tmp/applications/classes/_g5-jta.server
Advertencia: Failed to find MBean Server: null or empty List returned from MBeanServerFactory.findMBeanServer(null)
ene 03, 2014 11:12:01 PM com.sun.enterprise.security.ssl.impl.SecuritySupportImpl checkCertificateDates
Grave: SEC5054: Certificate has expired: [
[
  Version: V3
  Subject: CN=GTE CyberTrust Root 5, OU="GTE CyberTrust Solutions, Inc.", O=GTE Corporation, C=US
  Signature Algorithm: SHA1withRSA, OID = 1.2.840.113549.1.1.5

  Key:  Sun RSA public key, 2048 bits
  modulus: 23741889829347261660812437366387754385443431973861114865490414153884050331745811968523116847625570146592736935209718565296053386842135985534863157983128812774162998053673746470782252407673402238146869994438729551246768368782318393878374421033907597162218758024581735139682087126982809511479059100617027892880227587855877479432885604404402435662802390484099065871430585284534529627347717530352189612077130606642676951640071336717026459037542552927905851171460589361570392199748753414855675665635003335769915908187224347232807336022456537328962095005323382940080676931822787496212635993279098588863972868266229522169377
  public exponent: 65537
  Validity: [From: Fri Aug 14 09:50:00 COT 1998,
               To: Wed Aug 14 18:59:00 COT 2013]
  Issuer: CN=GTE CyberTrust Root 5, OU="GTE CyberTrust Solutions, Inc.", O=GTE Corporation, C=US
  SerialNumber: [    01b6]

Certificate Extensions: 4
[1]: ObjectId: 2.5.29.19 Criticality=true
BasicConstraints:[
  CA:true
  PathLen:5
]

[2]: ObjectId: 2.5.29.32 Criticality=false
CertificatePolicies [
  [CertificatePolicyId: [1.2.840.113763.1.2.1.3]
[]  ]
]

[3]: ObjectId: 2.5.29.15 Criticality=true
KeyUsage [
  Key_CertSign
  Crl_Sign
]

[4]: ObjectId: 2.5.29.14 Criticality=false
SubjectKeyIdentifier [
KeyIdentifier [
0000: 76 0A 49 21 38 4C 9F DE   F8 C4 49 C7 71 71 91 9D  v.I!8L....I.qq..
]
]

]
  Algorithm: [SHA1withRSA]
  Signature:
0000: 41 3A D4 18 5B DA B8 DE   21 1C E1 8E 09 E5 F1 68  A:..[...!......h
0010: 34 FF DE 96 F4 07 F5 A7   3C F3 AC 4A B1 9B FA 92  4.......<..J....
0020: FA 9B ED E6 32 21 AA 4A   76 C5 DC 4F 38 E5 DF D5  ....2!.Jv..O8...
0030: 86 E4 D5 C8 76 7D 98 D7   B1 CD 8F 4D B5 91 23 6C  ....v......M..#l
0040: 8B 8A EB EA 7C EF 14 94   C4 C6 F0 1F 4A 2D 32 71  ............J-2q
0050: 63 2B 63 91 26 02 09 B6   80 1D ED E2 CC B8 7F DB  c+c.&...........
0060: 87 63 C8 E1 D0 6C 26 B1   35 1D 40 66 10 1B CD 95  .c...l&.5.@f....
0070: 54 18 33 61 EC 13 4F DA   13 F7 99 AF 3E D0 CF 8E  T.3a..O.....>...
0080: A6 72 A2 B3 C3 05 9A C9   27 7D 92 CC 7E 52 8D B3  .r......'....R..
0090: AB 70 6D 9E 89 9F 4D EB   1A 75 C2 98 AA D5 02 16  .pm...M..u......
00A0: D7 0C 8A BF 25 E4 EB 2D   BC 98 E9 58 38 19 7C B9  ....%..-...X8...
00B0: 37 FE DB E2 99 08 73 06   C7 97 83 6A 7D 10 01 2F  7.....s....j.../
00C0: 32 B9 17 05 4A 65 E6 2F   CE BE 5E 53 A6 82 E9 9A  2...Je./..^S....
00D0: 53 0A 84 74 2D 83 CA C8   94 16 76 5F 94 61 28 F0  S..t-.....v_.a(.
00E0: 85 A7 39 BB D7 8B D9 A8   B2 13 1D 54 09 34 24 7D  ..9........T.4$.
00F0: 20 81 7D 66 7E A2 90 74   5C 10 C6 BD EC AB 1B C2   ..f...t\.......

]
ene 03, 2014 11:12:01 PM com.sun.enterprise.security.ssl.impl.SecuritySupportImpl checkCertificateDates
Grave: SEC5054: Certificate has expired: [
[
  Version: V3
  Subject: CN=GTE CyberTrust Root 5, OU="GTE CyberTrust Solutions, Inc.", O=GTE Corporation, C=US
  Signature Algorithm: SHA1withRSA, OID = 1.2.840.113549.1.1.5

  Key:  Sun RSA public key, 2048 bits
  modulus: 23741889829347261660812437366387754385443431973861114865490414153884050331745811968523116847625570146592736935209718565296053386842135985534863157983128812774162998053673746470782252407673402238146869994438729551246768368782318393878374421033907597162218758024581735139682087126982809511479059100617027892880227587855877479432885604404402435662802390484099065871430585284534529627347717530352189612077130606642676951640071336717026459037542552927905851171460589361570392199748753414855675665635003335769915908187224347232807336022456537328962095005323382940080676931822787496212635993279098588863972868266229522169377
  public exponent: 65537
  Validity: [From: Fri Aug 14 09:50:00 COT 1998,
               To: Wed Aug 14 18:59:00 COT 2013]
  Issuer: CN=GTE CyberTrust Root 5, OU="GTE CyberTrust Solutions, Inc.", O=GTE Corporation, C=US
  SerialNumber: [    01b6]

Certificate Extensions: 4
[1]: ObjectId: 2.5.29.19 Criticality=true
BasicConstraints:[
  CA:true
  PathLen:5
]

[2]: ObjectId: 2.5.29.32 Criticality=false
CertificatePolicies [
  [CertificatePolicyId: [1.2.840.113763.1.2.1.3]
[]  ]
]

[3]: ObjectId: 2.5.29.15 Criticality=true
KeyUsage [
  Key_CertSign
  Crl_Sign
]

[4]: ObjectId: 2.5.29.14 Criticality=false
SubjectKeyIdentifier [
KeyIdentifier [
0000: 76 0A 49 21 38 4C 9F DE   F8 C4 49 C7 71 71 91 9D  v.I!8L....I.qq..
]
]

]
  Algorithm: [SHA1withRSA]
  Signature:
0000: 41 3A D4 18 5B DA B8 DE   21 1C E1 8E 09 E5 F1 68  A:..[...!......h
0010: 34 FF DE 96 F4 07 F5 A7   3C F3 AC 4A B1 9B FA 92  4.......<..J....
0020: FA 9B ED E6 32 21 AA 4A   76 C5 DC 4F 38 E5 DF D5  ....2!.Jv..O8...
0030: 86 E4 D5 C8 76 7D 98 D7   B1 CD 8F 4D B5 91 23 6C  ....v......M..#l
0040: 8B 8A EB EA 7C EF 14 94   C4 C6 F0 1F 4A 2D 32 71  ............J-2q
0050: 63 2B 63 91 26 02 09 B6   80 1D ED E2 CC B8 7F DB  c+c.&...........
0060: 87 63 C8 E1 D0 6C 26 B1   35 1D 40 66 10 1B CD 95  .c...l&.5.@f....
0070: 54 18 33 61 EC 13 4F DA   13 F7 99 AF 3E D0 CF 8E  T.3a..O.....>...
0080: A6 72 A2 B3 C3 05 9A C9   27 7D 92 CC 7E 52 8D B3  .r......'....R..
0090: AB 70 6D 9E 89 9F 4D EB   1A 75 C2 98 AA D5 02 16  .pm...M..u......
00A0: D7 0C 8A BF 25 E4 EB 2D   BC 98 E9 58 38 19 7C B9  ....%..-...X8...
00B0: 37 FE DB E2 99 08 73 06   C7 97 83 6A 7D 10 01 2F  7.....s....j.../
00C0: 32 B9 17 05 4A 65 E6 2F   CE BE 5E 53 A6 82 E9 9A  2...Je./..^S....
00D0: 53 0A 84 74 2D 83 CA C8   94 16 76 5F 94 61 28 F0  S..t-.....v_.a(.
00E0: 85 A7 39 BB D7 8B D9 A8   B2 13 1D 54 09 34 24 7D  ..9........T.4$.
00F0: 20 81 7D 66 7E A2 90 74   5C 10 C6 BD EC AB 1B C2   ..f...t\.......

]
ene 03, 2014 11:12:01 PM com.sun.enterprise.security.ssl.impl.SecuritySupportImpl checkCertificateDates
Grave: SEC5054: Certificate has expired: [
[
  Version: V3
  Subject: CN=GTE CyberTrust Root 5, OU="GTE CyberTrust Solutions, Inc.", O=GTE Corporation, C=US
  Signature Algorithm: SHA1withRSA, OID = 1.2.840.113549.1.1.5

  Key:  Sun RSA public key, 2048 bits
  modulus: 23741889829347261660812437366387754385443431973861114865490414153884050331745811968523116847625570146592736935209718565296053386842135985534863157983128812774162998053673746470782252407673402238146869994438729551246768368782318393878374421033907597162218758024581735139682087126982809511479059100617027892880227587855877479432885604404402435662802390484099065871430585284534529627347717530352189612077130606642676951640071336717026459037542552927905851171460589361570392199748753414855675665635003335769915908187224347232807336022456537328962095005323382940080676931822787496212635993279098588863972868266229522169377
  public exponent: 65537
  Validity: [From: Fri Aug 14 09:50:00 COT 1998,
               To: Wed Aug 14 18:59:00 COT 2013]
  Issuer: CN=GTE CyberTrust Root 5, OU="GTE CyberTrust Solutions, Inc.", O=GTE Corporation, C=US
  SerialNumber: [    01b6]

Certificate Extensions: 4
[1]: ObjectId: 2.5.29.19 Criticality=true
BasicConstraints:[
  CA:true
  PathLen:5
]

[2]: ObjectId: 2.5.29.32 Criticality=false
CertificatePolicies [
  [CertificatePolicyId: [1.2.840.113763.1.2.1.3]
[]  ]
]

[3]: ObjectId: 2.5.29.15 Criticality=true
KeyUsage [
  Key_CertSign
  Crl_Sign
]

[4]: ObjectId: 2.5.29.14 Criticality=false
SubjectKeyIdentifier [
KeyIdentifier [
0000: 76 0A 49 21 38 4C 9F DE   F8 C4 49 C7 71 71 91 9D  v.I!8L....I.qq..
]
]

]
  Algorithm: [SHA1withRSA]
  Signature:
0000: 41 3A D4 18 5B DA B8 DE   21 1C E1 8E 09 E5 F1 68  A:..[...!......h
0010: 34 FF DE 96 F4 07 F5 A7   3C F3 AC 4A B1 9B FA 92  4.......<..J....
0020: FA 9B ED E6 32 21 AA 4A   76 C5 DC 4F 38 E5 DF D5  ....2!.Jv..O8...
0030: 86 E4 D5 C8 76 7D 98 D7   B1 CD 8F 4D B5 91 23 6C  ....v......M..#l
0040: 8B 8A EB EA 7C EF 14 94   C4 C6 F0 1F 4A 2D 32 71  ............J-2q
0050: 63 2B 63 91 26 02 09 B6   80 1D ED E2 CC B8 7F DB  c+c.&...........
0060: 87 63 C8 E1 D0 6C 26 B1   35 1D 40 66 10 1B CD 95  .c...l&.5.@f....
0070: 54 18 33 61 EC 13 4F DA   13 F7 99 AF 3E D0 CF 8E  T.3a..O.....>...
0080: A6 72 A2 B3 C3 05 9A C9   27 7D 92 CC 7E 52 8D B3  .r......'....R..
0090: AB 70 6D 9E 89 9F 4D EB   1A 75 C2 98 AA D5 02 16  .pm...M..u......
00A0: D7 0C 8A BF 25 E4 EB 2D   BC 98 E9 58 38 19 7C B9  ....%..-...X8...
00B0: 37 FE DB E2 99 08 73 06   C7 97 83 6A 7D 10 01 2F  7.....s....j.../
00C0: 32 B9 17 05 4A 65 E6 2F   CE BE 5E 53 A6 82 E9 9A  2...Je./..^S....
00D0: 53 0A 84 74 2D 83 CA C8   94 16 76 5F 94 61 28 F0  S..t-.....v_.a(.
00E0: 85 A7 39 BB D7 8B D9 A8   B2 13 1D 54 09 34 24 7D  ..9........T.4$.
00F0: 20 81 7D 66 7E A2 90 74   5C 10 C6 BD EC AB 1B C2   ..f...t\.......

]
ene 03, 2014 11:12:02 PM com.sun.jts.CosTransactions.DefaultTransactionService setServerName
Información: jts.startup_msg
ene 03, 2014 11:12:03 PM com.sun.ejb.containers.BaseContainer initializeHome
Información: EJB5181:Portable JNDI names for EJB PaymentDao: [java:global/classes/PaymentDao!com.g5.dao.PaymentDaoLocal, java:global/classes/PaymentDao!com.g5.dao.PaymentDaoRemote]
ene 03, 2014 11:12:03 PM com.sun.ejb.containers.BaseContainer initializeHome
Información: EJB5182:Glassfish-specific (Non-portable) JNDI names for EJB PaymentDao: [com.g5.dao.PaymentDaoRemote#com.g5.dao.PaymentDaoRemote, com.g5.dao.PaymentDaoRemote]
ene 03, 2014 11:12:03 PM com.sun.ejb.containers.BaseContainer initializeHome
Información: EJB5181:Portable JNDI names for EJB CustomerDao: [java:global/classes/CustomerDao!com.g5.dao.CustomerDaoLocal, java:global/classes/CustomerDao!com.g5.dao.CustomerDaoRemote]
ene 03, 2014 11:12:03 PM com.sun.ejb.containers.BaseContainer initializeHome
Información: EJB5182:Glassfish-specific (Non-portable) JNDI names for EJB CustomerDao: [com.g5.dao.CustomerDaoRemote, com.g5.dao.CustomerDaoRemote#com.g5.dao.CustomerDaoRemote]
ene 03, 2014 11:12:03 PM com.sun.ejb.containers.BaseContainer initializeHome
Información: EJB5181:Portable JNDI names for EJB SaltGenerator: [java:global/classes/SaltGenerator!com.g5.services.SaltGeneratorRemote, java:global/classes/SaltGenerator!com.g5.services.SaltGeneratorLocal]
ene 03, 2014 11:12:03 PM com.sun.ejb.containers.BaseContainer initializeHome
Información: EJB5182:Glassfish-specific (Non-portable) JNDI names for EJB SaltGenerator: [com.g5.services.SaltGeneratorRemote, com.g5.services.SaltGeneratorRemote#com.g5.services.SaltGeneratorRemote]
ene 03, 2014 11:12:03 PM com.sun.ejb.containers.BaseContainer initializeHome
Información: EJB5181:Portable JNDI names for EJB AccountService: [java:global/classes/AccountService!com.g5.services.AccountServiceRemote, java:global/classes/AccountService!com.g5.services.AccountServiceLocal]
ene 03, 2014 11:12:03 PM com.sun.ejb.containers.BaseContainer initializeHome
Información: EJB5182:Glassfish-specific (Non-portable) JNDI names for EJB AccountService: [com.g5.services.AccountServiceRemote#com.g5.services.AccountServiceRemote, com.g5.services.AccountServiceRemote]
ene 03, 2014 11:12:03 PM com.sun.ejb.containers.BaseContainer initializeHome
Información: EJB5181:Portable JNDI names for EJB CustomerService: [java:global/classes/CustomerService!com.g5.services.CustomerServiceRemote, java:global/classes/CustomerService!com.g5.services.CustomerServiceLocal]
ene 03, 2014 11:12:03 PM com.sun.ejb.containers.BaseContainer initializeHome
Información: EJB5182:Glassfish-specific (Non-portable) JNDI names for EJB CustomerService: [com.g5.services.CustomerServiceRemote#com.g5.services.CustomerServiceRemote, com.g5.services.CustomerServiceRemote]
ene 03, 2014 11:12:03 PM com.sun.ejb.containers.BaseContainer initializeHome
Información: EJB5181:Portable JNDI names for EJB TransactionService: [java:global/classes/TransactionService!com.g5.services.TransactionServiceLocal, java:global/classes/TransactionService!com.g5.services.TransactionServiceRemote]
ene 03, 2014 11:12:03 PM com.sun.ejb.containers.BaseContainer initializeHome
Información: EJB5182:Glassfish-specific (Non-portable) JNDI names for EJB TransactionService: [com.g5.services.TransactionServiceRemote, com.g5.services.TransactionServiceRemote#com.g5.services.TransactionServiceRemote]
ene 03, 2014 11:12:03 PM com.sun.ejb.containers.BaseContainer initializeHome
Información: EJB5181:Portable JNDI names for EJB CustomerCredentialsDao: [java:global/classes/CustomerCredentialsDao!com.g5.dao.CustomerCredentialsDaoRemote, java:global/classes/CustomerCredentialsDao!com.g5.dao.CustomerCredentialsDaoLocal]
ene 03, 2014 11:12:03 PM com.sun.ejb.containers.BaseContainer initializeHome
Información: EJB5182:Glassfish-specific (Non-portable) JNDI names for EJB CustomerCredentialsDao: [com.g5.dao.CustomerCredentialsDaoRemote, com.g5.dao.CustomerCredentialsDaoRemote#com.g5.dao.CustomerCredentialsDaoRemote]
ene 03, 2014 11:12:03 PM com.sun.ejb.containers.BaseContainer initializeHome
Información: EJB5181:Portable JNDI names for EJB TransactionDao: [java:global/classes/TransactionDao!com.g5.dao.TransactionDaoLocal, java:global/classes/TransactionDao!com.g5.dao.TransactionDaoRemote]
ene 03, 2014 11:12:03 PM com.sun.ejb.containers.BaseContainer initializeHome
Información: EJB5182:Glassfish-specific (Non-portable) JNDI names for EJB TransactionDao: [com.g5.dao.TransactionDaoRemote#com.g5.dao.TransactionDaoRemote, com.g5.dao.TransactionDaoRemote]
ene 03, 2014 11:12:03 PM com.sun.ejb.containers.BaseContainer initializeHome
Información: EJB5181:Portable JNDI names for EJB KeyGenerator: [java:global/classes/KeyGenerator!com.g5.services.KeyGeneratorLocal, java:global/classes/KeyGenerator!com.g5.services.KeyGeneratorRemote]
ene 03, 2014 11:12:03 PM com.sun.ejb.containers.BaseContainer initializeHome
Información: EJB5182:Glassfish-specific (Non-portable) JNDI names for EJB KeyGenerator: [com.g5.services.KeyGeneratorRemote#com.g5.services.KeyGeneratorRemote, com.g5.services.KeyGeneratorRemote]
ene 03, 2014 11:12:03 PM com.sun.ejb.containers.BaseContainer initializeHome
Información: EJB5181:Portable JNDI names for EJB EntityFactory: [java:global/classes/EntityFactory!com.g5.entities.EntityFactoryRemote, java:global/classes/EntityFactory!com.g5.entities.EntityFactoryLocal]
ene 03, 2014 11:12:03 PM com.sun.ejb.containers.BaseContainer initializeHome
Información: EJB5182:Glassfish-specific (Non-portable) JNDI names for EJB EntityFactory: [com.g5.entities.EntityFactoryRemote#com.g5.entities.EntityFactoryRemote, com.g5.entities.EntityFactoryRemote]
ene 03, 2014 11:12:03 PM com.sun.ejb.containers.BaseContainer initializeHome
Información: EJB5181:Portable JNDI names for EJB AccountDao: [java:global/classes/AccountDao!com.g5.dao.AccountDaoLocal, java:global/classes/AccountDao!com.g5.dao.AccountDaoRemote]
ene 03, 2014 11:12:03 PM com.sun.ejb.containers.BaseContainer initializeHome
Información: EJB5182:Glassfish-specific (Non-portable) JNDI names for EJB AccountDao: [com.g5.dao.AccountDaoRemote, com.g5.dao.AccountDaoRemote#com.g5.dao.AccountDaoRemote]
ene 03, 2014 11:12:03 PM org.jboss.weld.bootstrap.WeldBootstrap <clinit>
Información: WELD-000900 2.0.0 (SP1)
ene 03, 2014 11:12:04 PM org.glassfish.weld.BeanDeploymentArchiveImpl handleEntry
Advertencia: AS-CDI-005
ene 03, 2014 11:12:04 PM org.glassfish.weld.BeanDeploymentArchiveImpl handleEntry
Advertencia: AS-CDI-005
ene 03, 2014 11:12:04 PM org.glassfish.weld.BeanDeploymentArchiveImpl handleEntry
Advertencia: AS-CDI-005
ene 03, 2014 11:12:04 PM org.glassfish.weld.BeanDeploymentArchiveImpl handleEntry
Advertencia: AS-CDI-005
ene 03, 2014 11:12:04 PM org.glassfish.weld.BeanDeploymentArchiveImpl handleEntry
Advertencia: AS-CDI-005
ene 03, 2014 11:12:04 PM org.glassfish.weld.BeanDeploymentArchiveImpl handleEntry
Advertencia: AS-CDI-005
ene 03, 2014 11:12:04 PM org.glassfish.weld.BeanDeploymentArchiveImpl handleEntry
Advertencia: AS-CDI-005
ene 03, 2014 11:12:04 PM org.glassfish.weld.BeanDeploymentArchiveImpl handleEntry
Advertencia: AS-CDI-005
ene 03, 2014 11:12:04 PM org.glassfish.weld.BeanDeploymentArchiveImpl handleEntry
Advertencia: AS-CDI-005
ene 03, 2014 11:12:04 PM org.glassfish.weld.BeanDeploymentArchiveImpl handleEntry
Advertencia: AS-CDI-005
ene 03, 2014 11:12:04 PM org.glassfish.weld.BeanDeploymentArchiveImpl handleEntry
Advertencia: AS-CDI-005
ene 03, 2014 11:12:04 PM org.glassfish.weld.BeanDeploymentArchiveImpl handleEntry
Advertencia: AS-CDI-005
ene 03, 2014 11:12:04 PM org.glassfish.weld.BeanDeploymentArchiveImpl handleEntry
Advertencia: AS-CDI-005
ene 03, 2014 11:12:04 PM org.glassfish.weld.BeanDeploymentArchiveImpl handleEntry
Advertencia: AS-CDI-005
ene 03, 2014 11:12:04 PM org.glassfish.weld.BeanDeploymentArchiveImpl handleEntry
Advertencia: AS-CDI-005
ene 03, 2014 11:12:04 PM org.glassfish.weld.BeanDeploymentArchiveImpl handleEntry
Advertencia: AS-CDI-005
ene 03, 2014 11:12:04 PM org.glassfish.weld.BeanDeploymentArchiveImpl handleEntry
Advertencia: AS-CDI-005
ene 03, 2014 11:12:04 PM org.glassfish.weld.BeanDeploymentArchiveImpl handleEntry
Advertencia: AS-CDI-005
ene 03, 2014 11:12:04 PM org.glassfish.weld.BeanDeploymentArchiveImpl handleEntry
Advertencia: AS-CDI-005
ene 03, 2014 11:12:04 PM org.glassfish.weld.BeanDeploymentArchiveImpl handleEntry
Advertencia: AS-CDI-005
ene 03, 2014 11:12:04 PM org.glassfish.weld.BeanDeploymentArchiveImpl handleEntry
Advertencia: AS-CDI-005
ene 03, 2014 11:12:04 PM org.glassfish.weld.BeanDeploymentArchiveImpl handleEntry
Advertencia: AS-CDI-005
ene 03, 2014 11:12:04 PM org.glassfish.weld.BeanDeploymentArchiveImpl handleEntry
Advertencia: AS-CDI-005
ene 03, 2014 11:12:04 PM org.glassfish.weld.BeanDeploymentArchiveImpl handleEntry
Advertencia: AS-CDI-005
ene 03, 2014 11:12:04 PM org.glassfish.weld.BeanDeploymentArchiveImpl handleEntry
Advertencia: AS-CDI-005
ene 03, 2014 11:12:04 PM org.glassfish.weld.BeanDeploymentArchiveImpl handleEntry
Advertencia: AS-CDI-005
ene 03, 2014 11:12:04 PM org.glassfish.weld.BeanDeploymentArchiveImpl handleEntry
Advertencia: AS-CDI-005
ene 03, 2014 11:12:04 PM org.glassfish.weld.BeanDeploymentArchiveImpl handleEntry
Advertencia: AS-CDI-005
ene 03, 2014 11:12:04 PM org.glassfish.weld.BeanDeploymentArchiveImpl handleEntry
Advertencia: AS-CDI-005
ene 03, 2014 11:12:04 PM org.glassfish.weld.BeanDeploymentArchiveImpl handleEntry
Advertencia: AS-CDI-005
ene 03, 2014 11:12:04 PM org.glassfish.weld.BeanDeploymentArchiveImpl handleEntry
Advertencia: AS-CDI-005
ene 03, 2014 11:12:04 PM org.glassfish.weld.BeanDeploymentArchiveImpl handleEntry
Advertencia: AS-CDI-005
ene 03, 2014 11:12:04 PM org.glassfish.weld.BeanDeploymentArchiveImpl handleEntry
Advertencia: AS-CDI-005
ene 03, 2014 11:12:04 PM org.glassfish.weld.BeanDeploymentArchiveImpl handleEntry
Advertencia: AS-CDI-005
ene 03, 2014 11:12:04 PM org.glassfish.weld.BeanDeploymentArchiveImpl handleEntry
Advertencia: AS-CDI-005
ene 03, 2014 11:12:04 PM org.glassfish.weld.BeanDeploymentArchiveImpl handleEntry
Advertencia: AS-CDI-005
ene 03, 2014 11:12:04 PM org.glassfish.weld.BeanDeploymentArchiveImpl handleEntry
Advertencia: AS-CDI-005
ene 03, 2014 11:12:04 PM org.glassfish.weld.BeanDeploymentArchiveImpl handleEntry
Advertencia: AS-CDI-005
ene 03, 2014 11:12:04 PM org.glassfish.weld.BeanDeploymentArchiveImpl handleEntry
Advertencia: AS-CDI-005
ene 03, 2014 11:12:04 PM org.glassfish.weld.BeanDeploymentArchiveImpl handleEntry
Advertencia: AS-CDI-005
ene 03, 2014 11:12:04 PM org.glassfish.weld.BeanDeploymentArchiveImpl handleEntry
Advertencia: AS-CDI-005
ene 03, 2014 11:12:04 PM org.glassfish.weld.BeanDeploymentArchiveImpl handleEntry
Advertencia: AS-CDI-005
ene 03, 2014 11:12:04 PM org.glassfish.weld.BeanDeploymentArchiveImpl handleEntry
Advertencia: AS-CDI-005
ene 03, 2014 11:12:04 PM org.glassfish.weld.BeanDeploymentArchiveImpl handleEntry
Advertencia: AS-CDI-005
ene 03, 2014 11:12:04 PM org.glassfish.weld.BeanDeploymentArchiveImpl handleEntry
Advertencia: AS-CDI-005
ene 03, 2014 11:12:04 PM org.glassfish.weld.BeanDeploymentArchiveImpl handleEntry
Advertencia: AS-CDI-005
ene 03, 2014 11:12:04 PM org.glassfish.weld.BeanDeploymentArchiveImpl handleEntry
Advertencia: AS-CDI-005
ene 03, 2014 11:12:04 PM org.glassfish.weld.BeanDeploymentArchiveImpl handleEntry
Advertencia: AS-CDI-005
ene 03, 2014 11:12:04 PM org.glassfish.weld.BeanDeploymentArchiveImpl handleEntry
Advertencia: AS-CDI-005
ene 03, 2014 11:12:04 PM org.glassfish.weld.BeanDeploymentArchiveImpl handleEntry
Advertencia: AS-CDI-005
ene 03, 2014 11:12:04 PM org.glassfish.weld.BeanDeploymentArchiveImpl handleEntry
Advertencia: AS-CDI-005
ene 03, 2014 11:12:04 PM org.glassfish.weld.BeanDeploymentArchiveImpl handleEntry
Advertencia: AS-CDI-005
ene 03, 2014 11:12:04 PM org.glassfish.weld.BeanDeploymentArchiveImpl handleEntry
Advertencia: AS-CDI-005
ene 03, 2014 11:12:04 PM org.glassfish.weld.BeanDeploymentArchiveImpl handleEntry
Advertencia: AS-CDI-005
ene 03, 2014 11:12:04 PM org.glassfish.weld.BeanDeploymentArchiveImpl handleEntry
Advertencia: AS-CDI-005
ene 03, 2014 11:12:04 PM org.glassfish.weld.BeanDeploymentArchiveImpl handleEntry
Advertencia: AS-CDI-005
ene 03, 2014 11:12:04 PM org.glassfish.weld.BeanDeploymentArchiveImpl handleEntry
Advertencia: AS-CDI-005
ene 03, 2014 11:12:04 PM org.glassfish.weld.BeanDeploymentArchiveImpl handleEntry
Advertencia: AS-CDI-005
ene 03, 2014 11:12:04 PM org.glassfish.weld.BeanDeploymentArchiveImpl handleEntry
Advertencia: AS-CDI-005
ene 03, 2014 11:12:04 PM org.glassfish.weld.BeanDeploymentArchiveImpl handleEntry
Advertencia: AS-CDI-005
ene 03, 2014 11:12:04 PM org.glassfish.weld.BeanDeploymentArchiveImpl handleEntry
Advertencia: AS-CDI-005
ene 03, 2014 11:12:04 PM org.glassfish.weld.BeanDeploymentArchiveImpl handleEntry
Advertencia: AS-CDI-005
ene 03, 2014 11:12:04 PM org.glassfish.weld.BeanDeploymentArchiveImpl handleEntry
Advertencia: AS-CDI-005
ene 03, 2014 11:12:04 PM org.glassfish.weld.BeanDeploymentArchiveImpl handleEntry
Advertencia: AS-CDI-005
ene 03, 2014 11:12:04 PM org.glassfish.weld.BeanDeploymentArchiveImpl handleEntry
Advertencia: AS-CDI-005
ene 03, 2014 11:12:04 PM org.glassfish.weld.BeanDeploymentArchiveImpl handleEntry
Advertencia: AS-CDI-005
ene 03, 2014 11:12:04 PM org.glassfish.weld.BeanDeploymentArchiveImpl handleEntry
Advertencia: AS-CDI-005
ene 03, 2014 11:12:04 PM org.glassfish.weld.BeanDeploymentArchiveImpl handleEntry
Advertencia: AS-CDI-005
ene 03, 2014 11:12:04 PM org.glassfish.weld.BeanDeploymentArchiveImpl handleEntry
Advertencia: AS-CDI-005
ene 03, 2014 11:12:04 PM org.glassfish.weld.BeanDeploymentArchiveImpl handleEntry
Advertencia: AS-CDI-005
ene 03, 2014 11:12:04 PM org.glassfish.weld.BeanDeploymentArchiveImpl handleEntry
Advertencia: AS-CDI-005
ene 03, 2014 11:12:04 PM org.glassfish.weld.BeanDeploymentArchiveImpl handleEntry
Advertencia: AS-CDI-005
ene 03, 2014 11:12:04 PM org.glassfish.weld.BeanDeploymentArchiveImpl handleEntry
Advertencia: AS-CDI-005
ene 03, 2014 11:12:04 PM org.glassfish.weld.BeanDeploymentArchiveImpl handleEntry
Advertencia: AS-CDI-005
ene 03, 2014 11:12:04 PM org.glassfish.weld.BeanDeploymentArchiveImpl handleEntry
Advertencia: AS-CDI-005
ene 03, 2014 11:12:04 PM org.glassfish.weld.BeanDeploymentArchiveImpl handleEntry
Advertencia: AS-CDI-005
ene 03, 2014 11:12:04 PM org.glassfish.weld.BeanDeploymentArchiveImpl handleEntry
Advertencia: AS-CDI-005
ene 03, 2014 11:12:04 PM org.glassfish.weld.BeanDeploymentArchiveImpl handleEntry
Advertencia: AS-CDI-005
ene 03, 2014 11:12:05 PM org.glassfish.weld.BeanDeploymentArchiveImpl handleEntry
Advertencia: AS-CDI-005
ene 03, 2014 11:12:05 PM org.glassfish.weld.BeanDeploymentArchiveImpl handleEntry
Advertencia: AS-CDI-005
ene 03, 2014 11:12:05 PM org.glassfish.weld.BeanDeploymentArchiveImpl handleEntry
Advertencia: AS-CDI-005
ene 03, 2014 11:12:05 PM org.glassfish.weld.BeanDeploymentArchiveImpl handleEntry
Advertencia: AS-CDI-005
ene 03, 2014 11:12:05 PM org.glassfish.weld.BeanDeploymentArchiveImpl handleEntry
Advertencia: AS-CDI-005
ene 03, 2014 11:12:05 PM org.glassfish.weld.BeanDeploymentArchiveImpl handleEntry
Advertencia: AS-CDI-005
ene 03, 2014 11:12:05 PM org.glassfish.weld.BeanDeploymentArchiveImpl handleEntry
Advertencia: AS-CDI-005
ene 03, 2014 11:12:05 PM org.glassfish.weld.BeanDeploymentArchiveImpl handleEntry
Advertencia: AS-CDI-005
ene 03, 2014 11:12:05 PM org.glassfish.weld.BeanDeploymentArchiveImpl handleEntry
Advertencia: AS-CDI-005
ene 03, 2014 11:12:06 PM org.glassfish.deployment.admin.DeployCommand execute
Información: classes was successfully deployed in 11.150 milliseconds.
ene 03, 2014 11:12:30 PM org.eclipse.persistence.session.file:/tmp/gfembed7527526360927459301tmp/applications/classes/_g5-jta.connection
Información: file:/tmp/gfembed7527526360927459301tmp/applications/classes/_g5-jta logout successful
ene 03, 2014 11:12:30 PM com.sun.enterprise.connectors.service.ResourceAdapterAdminServiceImpl sendStopToResourceAdapter
Información: RAR7094: __ds_jdbc_ra shutdown successful.
ene 03, 2014 11:12:30 PM org.glassfish.admin.mbeanserver.JMXStartupService shutdown
Información: JMXStartupService and JMXConnectors have been shut down.
ene 03, 2014 11:12:30 PM org.glassfish.admin.mbeanserver.JMXStartupService shutdown
Información: JMXStartupService and JMXConnectors have been shut down.
ene 03, 2014 11:12:30 PM com.sun.enterprise.v3.server.AppServerStartup stop
Información: Shutdown procedure finished
]]></system-err>
</testsuite>
